# JRE version: Java(TM) SE Runtime Environment (21.0.2+13) (build 21.0.2+13-LTS-58)
# Java VM: Java HotSpot(TM) 64-Bit Server VM (21.0.2+13-LTS-58, mixed mode, sharing, tiered, compressed oops, compressed class ptrs, g1 gc, windows-amd64)
GC Precious Log:
 CardTable entry size: 512
 Card Set container configuration: InlinePtr #cards 5 size 8 Array Of Cards #cards 12 size 40 Howl #buckets 4 coarsen threshold 1843 Howl Bitmap #cards 512 size 80 coarsen threshold 460 Card regions per heap region 1 cards per card region 2048
 CPUs: 8 total, 8 available
 Memory: 8067M
 Large Page Support: Disabled
 NUMA Support: Disabled
 Compressed Oops: Enabled (32-bit)
 Heap Region Size: 1M
 Heap Min Capacity: 8M
 Heap Initial Capacity: 128M
 Heap Max Capacity: 2018M
 Pre-touch: Disabled
 Parallel Workers: 8
 Concurrent Workers: 2
 Concurrent Refinement Workers: 8
 Periodic GC: Disabled
Heap:
 garbage-first heap   total 38912K, used 18461K [0x0000000081e00000, 0x0000000100000000)
  region size 1024K, 3 young (3072K), 1 survivors (1024K)
 Metaspace       used 26455K, committed 26752K, reserved 1114112K
  class space    used 3123K, committed 3264K, reserved 1048576K
GC Heap History (10 events):
Event: 2.999 GC heap before
{Heap before GC invocations=0 (full 0):
 garbage-first heap   total 131072K, used 23552K [0x0000000081e00000, 0x0000000100000000)
  region size 1024K, 23 young (23552K), 0 survivors (0K)
 Metaspace       used 16920K, committed 17216K, reserved 1114112K
  class space    used 1871K, committed 1984K, reserved 1048576K
}
Event: 3.010 GC heap after
{Heap after GC invocations=1 (full 0):
 garbage-first heap   total 131072K, used 5130K [0x0000000081e00000, 0x0000000100000000)
  region size 1024K, 3 young (3072K), 3 survivors (3072K)
 Metaspace       used 16920K, committed 17216K, reserved 1114112K
  class space    used 1871K, committed 1984K, reserved 1048576K
}
Event: 21.655 GC heap before
{Heap before GC invocations=1 (full 0):
 garbage-first heap   total 131072K, used 17418K [0x0000000081e00000, 0x0000000100000000)
  region size 1024K, 17 young (17408K), 3 survivors (3072K)
 Metaspace       used 21288K, committed 21504K, reserved 1114112K
  class space    used 2419K, committed 2560K, reserved 1048576K
}
Event: 21.662 GC heap after
{Heap after GC invocations=2 (full 0):
 garbage-first heap   total 131072K, used 6701K [0x0000000081e00000, 0x0000000100000000)
  region size 1024K, 2 young (2048K), 2 survivors (2048K)
 Metaspace       used 21288K, committed 21504K, reserved 1114112K
  class space    used 2419K, committed 2560K, reserved 1048576K
}
Event: 30.041 GC heap before
{Heap before GC invocations=3 (full 0):
 garbage-first heap   total 34816K, used 33325K [0x0000000081e00000, 0x0000000100000000)
  region size 1024K, 20 young (20480K), 2 survivors (2048K)
 Metaspace       used 26039K, committed 26304K, reserved 1114112K
  class space    used 3110K, committed 3264K, reserved 1048576K
}
Event: 30.047 GC heap after
{Heap after GC invocations=4 (full 0):
 garbage-first heap   total 38912K, used 17014K [0x0000000081e00000, 0x0000000100000000)
  region size 1024K, 3 young (3072K), 3 survivors (3072K)
 Metaspace       used 26039K, committed 26304K, reserved 1114112K
  class space    used 3110K, committed 3264K, reserved 1048576K
}
Event: 31.849 GC heap before
{Heap before GC invocations=4 (full 0):
 garbage-first heap   total 38912K, used 30326K [0x0000000081e00000, 0x0000000100000000)
  region size 1024K, 16 young (16384K), 3 survivors (3072K)
 Metaspace       used 26177K, committed 26496K, reserved 1114112K
  class space    used 3110K, committed 3264K, reserved 1048576K
}
Event: 31.853 GC heap after
{Heap after GC invocations=5 (full 0):
 garbage-first heap   total 38912K, used 17612K [0x0000000081e00000, 0x0000000100000000)
  region size 1024K, 1 young (1024K), 1 survivors (1024K)
 Metaspace       used 26177K, committed 26496K, reserved 1114112K
  class space    used 3110K, committed 3264K, reserved 1048576K
}
Event: 63.292 GC heap before
{Heap before GC invocations=5 (full 0):
 garbage-first heap   total 38912K, used 31948K [0x0000000081e00000, 0x0000000100000000)
  region size 1024K, 15 young (15360K), 1 survivors (1024K)
 Metaspace       used 26438K, committed 26752K, reserved 1114112K
  class space    used 3123K, committed 3264K, reserved 1048576K
}
Event: 63.301 GC heap after
{Heap after GC invocations=6 (full 0):
 garbage-first heap   total 38912K, used 17437K [0x0000000081e00000, 0x0000000100000000)
  region size 1024K, 1 young (1024K), 1 survivors (1024K)
 Metaspace       used 26438K, committed 26752K, reserved 1114112K
  class space    used 3123K, committed 3264K, reserved 1048576K
}

